[2025-11-30 04:13:43] [INFO] Auto-update check enabled (interval: 60 minutes)
[2025-11-30 04:13:43] [INFO] Generating update.bat script
[2025-11-30 04:13:43] [INFO] Generated update.bat
[2025-11-30 04:13:43] [INFO] Generating update.sh script
[2025-11-30 04:13:43] [INFO] Generated update.sh
[2025-11-30 04:13:47] [INFO] Checking for updates from GitHub
[2025-11-30 04:13:47] [INFO] No updates available (current: 1.0.0)
[2025-11-30 04:14:43] [INFO] Checking for updates from GitHub
[2025-11-30 04:14:43] [INFO] No updates available (current: 1.0.0)
[2025-11-30 04:16:06] [INFO] Auto-update check enabled (interval: 60 minutes)
[2025-11-30 04:16:06] [INFO] Using existing update.bat script
[2025-11-30 04:16:06] [INFO] Using existing update.sh script
[2025-11-30 04:17:06] [INFO] Checking for updates from GitHub
[2025-11-30 04:17:07] [INFO] No updates available (current: 1.0.0)
[2025-11-30 04:22:03] [INFO] Checking for updates from GitHub
[2025-11-30 04:22:04] [INFO] No updates available (current: 1.0.0)
[2025-11-30 04:34:12] [INFO] Checking for updates from GitHub
[2025-11-30 04:34:12] [INFO] Update available: 1.0.0 -> 1.0.2
[2025-11-30 04:34:16] [INFO] Downloading update from: https://github.com/TDSTOS/MinecraftPinger/releases/download/v1.0.2/release.zip
[2025-11-30 04:34:16] [ERROR] Validation failed
[2025-11-30 04:34:54] [INFO] Auto-update check enabled (interval: 60 minutes)
[2025-11-30 04:34:54] [INFO] Using existing update.bat script
[2025-11-30 04:34:54] [INFO] Using existing update.sh script
[2025-11-30 04:34:57] [INFO] Checking for updates from GitHub
[2025-11-30 04:34:57] [INFO] Update available: 1.0.0 -> 1.0.2
[2025-11-30 04:35:02] [INFO] Downloading update from: https://github.com/TDSTOS/MinecraftPinger/releases/download/v1.0.2/release.zip
[2025-11-30 04:35:02] [ERROR] Validation failed
[2025-11-30 04:35:54] [INFO] Checking for updates from GitHub
[2025-11-30 04:35:54] [INFO] Update available: 1.0.0 -> 1.0.2
[2025-11-30 04:36:14] [INFO] Checking for updates from GitHub
[2025-11-30 04:36:14] [INFO] Update available: 1.0.0 -> 1.0.3
[2025-11-30 04:36:16] [INFO] Downloading update from: https://github.com/TDSTOS/MinecraftPinger/releases/download/v1.0.3/release.zip
[2025-11-30 04:36:16] [ERROR] Validation failed
[2025-11-30 04:36:48] [INFO] Auto-update check enabled (interval: 60 minutes)
[2025-11-30 04:36:48] [INFO] Using existing update.bat script
[2025-11-30 04:36:48] [INFO] Using existing update.sh script
[2025-11-30 04:36:51] [INFO] Checking for updates from GitHub
[2025-11-30 04:36:52] [INFO] Update available: 1.0.2 -> 1.0.3
[2025-11-30 04:36:53] [INFO] Downloading update from: https://github.com/TDSTOS/MinecraftPinger/releases/download/v1.0.3/release.zip
[2025-11-30 04:36:53] [INFO] Update downloaded and validated successfully
[2025-11-30 04:36:53] [INFO] Detected OS: windows
[2025-11-30 04:36:53] [INFO] Using existing update.bat script
[2025-11-30 04:36:53] [INFO] Starting update script: D:\GitHub\MinecraftPinger\.\update.bat
[2025-11-30 04:36:53] [INFO] Application will shut down and restart after update
[2025-11-30 04:36:53] [INFO] Update script started
[2025-11-30 04:36:53] [INFO] Update process started successfully
[2025-11-30 04:36:54] [INFO] Shutting down application for update
[2025-11-30 04:36:54] [INFO] Auto-update check stopped
[2025-11-30 04:37:02] [INFO] Auto-update check enabled (interval: 60 minutes)
[2025-11-30 04:37:02] [INFO] Using existing update.bat script
[2025-11-30 04:37:02] [INFO] Using existing update.sh script
[2025-11-30 04:37:08] [INFO] Checking for updates from GitHub
[2025-11-30 04:37:08] [INFO] Update available: 1.0.2 -> 1.0.3
[2025-11-30 04:37:10] [INFO] Downloading update from: https://github.com/TDSTOS/MinecraftPinger/releases/download/v1.0.3/release.zip
[2025-11-30 04:37:10] [INFO] Update downloaded and validated successfully
[2025-11-30 04:37:10] [INFO] Detected OS: windows
[2025-11-30 04:37:10] [INFO] Using existing update.bat script
[2025-11-30 04:37:10] [INFO] Starting update script: D:\GitHub\MinecraftPinger\.\update.bat
[2025-11-30 04:37:10] [INFO] Application will shut down and restart after update
[2025-11-30 04:37:10] [INFO] Update script started
[2025-11-30 04:37:10] [INFO] Update process started successfully
[2025-11-30 04:37:11] [INFO] Shutting down application for update
[2025-11-30 04:37:11] [INFO] Auto-update check stopped
[2025-11-30 04:39:58] [INFO] Auto-update check enabled (interval: 60 minutes)
[2025-11-30 04:39:58] [INFO] Using existing update.bat script
[2025-11-30 04:39:58] [INFO] Using existing update.sh script
[2025-11-30 04:40:01] [INFO] Checking for updates from GitHub
[2025-11-30 04:40:01] [INFO] Update available: 1.0.2 -> 1.0.4
[2025-11-30 04:40:03] [INFO] Downloading update from: https://github.com/TDSTOS/MinecraftPinger/releases/download/v1.0.4/release.zip
[2025-11-30 04:40:04] [INFO] Update downloaded and validated successfully
[2025-11-30 04:40:04] [INFO] Detected OS: windows
[2025-11-30 04:40:04] [INFO] Using existing update.bat script
[2025-11-30 04:40:04] [INFO] Starting update script: D:\GitHub\MinecraftPinger\.\update.bat
[2025-11-30 04:40:04] [INFO] Application will shut down and restart after update
[2025-11-30 04:40:04] [INFO] Update script started
[2025-11-30 04:40:04] [INFO] Update process started successfully
[2025-11-30 04:40:05] [INFO] Shutting down application for update
[2025-11-30 04:40:05] [INFO] Auto-update check stopped
[2025-11-30 04:40:55] [INFO] Auto-update check enabled (interval: 60 minutes)
[2025-11-30 04:40:55] [INFO] Using existing update.bat script
[2025-11-30 04:40:55] [INFO] Using existing update.sh script
[2025-11-30 04:43:10] [INFO] Auto-update check enabled (interval: 60 minutes)
[2025-11-30 04:43:10] [INFO] Using existing update.bat script
[2025-11-30 04:43:10] [INFO] Using existing update.sh script
[2025-11-30 04:43:14] [INFO] Checking for updates from GitHub
[2025-11-30 04:43:14] [INFO] Update available: 1.0.2 -> 1.0.5
[2025-11-30 04:43:16] [INFO] Downloading update from: https://github.com/TDSTOS/MinecraftPinger/releases/download/v1.0.5/release.zip
[2025-11-30 04:43:17] [INFO] Update downloaded and validated successfully
[2025-11-30 04:43:17] [INFO] Detected OS: windows
[2025-11-30 04:43:17] [INFO] Using existing update.bat script
[2025-11-30 04:43:17] [INFO] Starting update script: D:\GitHub\MinecraftPinger\.\update.bat
[2025-11-30 04:43:17] [INFO] Application will shut down and restart after update
[2025-11-30 04:43:17] [INFO] Update script started
[2025-11-30 04:43:17] [INFO] Update process started successfully
[2025-11-30 04:43:18] [INFO] Shutting down application for update
[2025-11-30 04:43:18] [INFO] Auto-update check stopped
[2025-11-30 04:43:25] [INFO] Auto-update check enabled (interval: 60 minutes)
[2025-11-30 04:43:25] [INFO] Using existing update.bat script
[2025-11-30 04:43:25] [INFO] Using existing update.sh script
[2025-11-30 04:43:29] [INFO] Checking for updates from GitHub
[2025-11-30 04:43:29] [INFO] No updates available (current: 1.0.5)
[2025-11-30 04:44:04] [INFO] Auto-update check enabled (interval: 60 minutes)
[2025-11-30 04:44:04] [INFO] Using existing update.bat script
[2025-11-30 04:44:04] [INFO] Using existing update.sh script
[2025-11-30 04:45:04] [INFO] Checking for updates from GitHub
[2025-11-30 04:45:05] [INFO] No updates available (current: 1.0.5)
[2025-11-30 04:47:29] [INFO] Auto-update check enabled (interval: 60 minutes)
[2025-11-30 04:47:29] [INFO] Using existing update.bat script
[2025-11-30 04:47:29] [INFO] Using existing update.sh script
[2025-11-30 13:54:56] [INFO] Auto-update check enabled (interval: 60 minutes)
[2025-11-30 13:54:56] [INFO] Using existing update.bat script
[2025-11-30 13:54:56] [INFO] Using existing update.sh script
[2025-11-30 13:55:47] [INFO] Checking for updates from GitHub
[2025-11-30 13:55:47] [INFO] No updates available (current: 1.0.5)
[2025-11-30 13:55:56] [INFO] Checking for updates from GitHub
[2025-11-30 13:55:57] [INFO] No updates available (current: 1.0.5)
[2025-11-30 13:59:40] [INFO] Auto-update check enabled (interval: 60 minutes)
[2025-11-30 13:59:40] [INFO] Using existing update.bat script
[2025-11-30 13:59:40] [INFO] Using existing update.sh script
[2025-11-30 14:00:40] [INFO] Checking for updates from GitHub
[2025-11-30 14:00:40] [INFO] No updates available (current: 1.0.5)
[2025-11-30 14:34:46] [INFO] Auto-update check enabled (interval: 60 minutes)
[2025-11-30 14:34:46] [INFO] Using existing update.bat script
[2025-11-30 14:34:46] [INFO] Using existing update.sh script
[2025-11-30 14:34:49] [INFO] Checking for updates from GitHub
[2025-11-30 14:34:49] [INFO] No updates available (current: 1.0.5)
[2025-11-30 14:35:46] [INFO] Checking for updates from GitHub
[2025-11-30 14:35:47] [INFO] No updates available (current: 1.0.5)
[2025-11-30 14:37:48] [INFO] Checking for updates from GitHub
[2025-11-30 14:37:48] [INFO] Update available: 1.0.5 -> 1.1.0
[2025-11-30 14:37:51] [INFO] Downloading update from: https://github.com/TDSTOS/MinecraftPinger/releases/download/v1.1.0/release.zip
[2025-11-30 14:37:52] [INFO] Update downloaded and validated successfully
[2025-11-30 14:37:52] [INFO] Detected OS: windows
[2025-11-30 14:37:52] [INFO] Using existing update.bat script
[2025-11-30 14:37:52] [INFO] Starting update script: D:\GitHub\MinecraftPinger\.\update.bat
[2025-11-30 14:37:52] [INFO] Application will shut down and restart after update
[2025-11-30 14:37:52] [INFO] Update script started
[2025-11-30 14:37:52] [INFO] Update process started successfully
[2025-11-30 14:37:53] [INFO] Shutting down application for update
[2025-11-30 14:37:53] [INFO] Auto-update check stopped
[2025-11-30 14:38:02] [INFO] Auto-update check enabled (interval: 60 minutes)
[2025-11-30 14:38:02] [INFO] Using existing update.bat script
[2025-11-30 14:38:02] [INFO] Using existing update.sh script
[2025-11-30 14:39:24] [INFO] Auto-update check enabled (interval: 60 minutes)
[2025-11-30 14:39:24] [INFO] Using existing update.bat script
[2025-11-30 14:39:24] [INFO] Using existing update.sh script
[2025-11-30 14:39:27] [INFO] Checking for updates from GitHub
[2025-11-30 14:39:28] [INFO] Update available: 1.0.5 -> 1.1.1
[2025-11-30 14:39:29] [INFO] Downloading update from: https://github.com/TDSTOS/MinecraftPinger/releases/download/v1.1.1/release.zip
[2025-11-30 14:39:29] [INFO] Update downloaded and validated successfully
[2025-11-30 14:39:29] [INFO] Detected OS: windows
[2025-11-30 14:39:29] [INFO] Using existing update.bat script
[2025-11-30 14:39:29] [INFO] Starting update script: D:\GitHub\MinecraftPinger\.\update.bat
[2025-11-30 14:39:29] [INFO] Application will shut down and restart after update
[2025-11-30 14:39:29] [INFO] Update script started
[2025-11-30 14:39:29] [INFO] Update process started successfully
[2025-11-30 14:39:30] [INFO] Shutting down application for update
[2025-11-30 14:39:30] [INFO] Auto-update check stopped
[2025-11-30 14:39:40] [INFO] Auto-update check enabled (interval: 60 minutes)
[2025-11-30 14:39:40] [INFO] Using existing update.bat script
[2025-11-30 14:39:40] [INFO] Using existing update.sh script
[2025-11-30 14:40:35] [INFO] Auto-update check enabled (interval: 60 minutes)
[2025-11-30 14:40:35] [INFO] Using existing update.bat script
[2025-11-30 14:40:35] [INFO] Using existing update.sh script
[2025-11-30 14:50:52] [INFO] Auto-update check enabled (interval: 60 minutes)
[2025-11-30 14:50:52] [INFO] Using existing update.bat script
[2025-11-30 14:50:52] [INFO] Using existing update.sh script
[2025-11-30 14:50:56] [INFO] Checking for updates from GitHub
[2025-11-30 14:50:57] [INFO] Update available: 1.1.1 -> 1.1.3
[2025-11-30 14:50:58] [INFO] Downloading update from: https://github.com/TDSTOS/MinecraftPinger/releases/download/v1.1.3/release.zip
[2025-11-30 14:50:58] [INFO] Update downloaded and validated successfully
[2025-11-30 14:50:58] [INFO] Detected OS: windows
[2025-11-30 14:50:58] [INFO] Using existing update.bat script
[2025-11-30 14:50:58] [INFO] Starting update script: D:\GitHub\MinecraftPinger\.\update.bat
[2025-11-30 14:50:58] [INFO] Application will shut down and restart after update
[2025-11-30 14:50:58] [INFO] Update script started
[2025-11-30 14:50:58] [INFO] Update process started successfully
[2025-11-30 14:50:59] [INFO] Shutting down application for update
[2025-11-30 14:50:59] [INFO] Auto-update check stopped
[2025-11-30 14:51:06] [INFO] Auto-update check enabled (interval: 60 minutes)
[2025-11-30 14:51:06] [INFO] Using existing update.bat script
[2025-11-30 14:51:06] [INFO] Using existing update.sh script
[2025-11-30 16:53:34] [INFO] Auto-update check enabled (interval: 60 minutes)
[2025-11-30 16:53:34] [INFO] Using existing update.bat script
[2025-11-30 16:53:34] [INFO] Using existing update.sh script
[2025-11-30 16:54:16] [INFO] Auto-update check enabled (interval: 60 minutes)
[2025-11-30 16:54:16] [INFO] Using existing update.bat script
[2025-11-30 16:54:16] [INFO] Using existing update.sh script
[2025-11-30 16:55:16] [INFO] Checking for updates from GitHub
[2025-11-30 16:55:17] [INFO] Update available: 1.1.2 -> 1.1.3
[2025-11-30 17:55:16] [INFO] Checking for updates from GitHub
[2025-11-30 17:55:17] [INFO] Update available: 1.1.2 -> 1.1.3
[2025-11-30 18:05:49] [INFO] Auto-update check enabled (interval: 60 minutes)
[2025-11-30 18:05:49] [INFO] Using existing update.bat script
[2025-11-30 18:05:49] [INFO] Using existing update.sh script
[2025-11-30 18:06:49] [INFO] Checking for updates from GitHub
[2025-11-30 18:06:50] [INFO] Update available: 1.1.2 -> 1.1.3
